2017-05-14 12:15:25,083 INFO  [Log] ************************************************************** 
2017-05-14 12:15:25,084 INFO  [Log] $$$$$$$$$$$$$$$$$$$$$         Ebay_01$$$$$$$$$$$$$$$$$$$$$$$$ 
2017-05-14 12:15:25,085 INFO  [Log] **************************************************************** 
2017-05-14 12:15:41,541 INFO  [Log] Browser is Lunched 
2017-05-14 12:15:42,782 INFO  [Log] Browser is Maximized 
2017-05-14 12:17:59,211 WARN  [Log] Cell Value is empty 
2017-05-22 04:34:54,701 INFO  [Log] ************************************************************** 
2017-05-22 04:34:54,716 INFO  [Log] $$$$$$$$$$$$$$$$$$$$$         Ebay_01$$$$$$$$$$$$$$$$$$$$$$$$ 
2017-05-22 04:34:54,716 INFO  [Log] **************************************************************** 
2017-05-22 04:34:55,286 INFO  [Log] Excel Sheet is opened 
2017-05-22 04:35:01,903 INFO  [Log] Browser is Lunched 
2017-05-22 04:35:03,080 INFO  [Log] Browser is Maximized 
2017-05-22 04:35:27,765 INFO  [Log] User name picked from Excel is:  alimuzzaman408@yahoo.com 
2017-05-22 04:35:27,766 INFO  [Log] Password picked from Excel is:  Zerin1994 
2017-05-22 04:36:29,442 INFO  [Log] ************************************************************** 
2017-05-22 04:36:29,442 INFO  [Log] $$$$$$$$$$$$$$$$$$$$$         Ebay_01$$$$$$$$$$$$$$$$$$$$$$$$ 
2017-05-22 04:36:29,442 INFO  [Log] **************************************************************** 
2017-05-22 04:36:30,043 INFO  [Log] Excel Sheet is opened 
2017-05-22 04:36:36,846 INFO  [Log] Browser is Lunched 
2017-05-22 04:36:38,037 INFO  [Log] Browser is Maximized 
2017-05-22 04:37:07,088 INFO  [Log] User name picked from Excel is:  alimuzzaman408@yahoo.com 
2017-05-22 04:37:07,088 INFO  [Log] Password picked from Excel is:  Zerin1994 
2017-05-22 04:39:00,878 INFO  [Log] ************************************************************** 
2017-05-22 04:39:00,878 INFO  [Log] $$$$$$$$$$$$$$$$$$$$$         Ebay_01$$$$$$$$$$$$$$$$$$$$$$$$ 
2017-05-22 04:39:00,878 INFO  [Log] **************************************************************** 
2017-05-22 04:39:01,433 INFO  [Log] Excel Sheet is opened 
2017-05-22 04:39:07,849 INFO  [Log] Browser is Lunched 
2017-05-22 04:39:09,016 INFO  [Log] Browser is Maximized 
2017-05-22 04:39:37,744 INFO  [Log] User name picked from Excel is:  alimuzzaman408@yahoo.com 
2017-05-22 04:39:37,745 INFO  [Log] Password picked from Excel is:  Zerin1994 
2017-05-29 18:07:01,476 INFO  [Log] ************************************************************** 
2017-05-29 18:07:01,492 INFO  [Log] $$$$$$$$$$$$$$$$$$$$$         Ebay_01$$$$$$$$$$$$$$$$$$$$$$$$ 
2017-05-29 18:07:01,492 INFO  [Log] **************************************************************** 
2017-05-29 18:07:02,114 INFO  [Log] Excel Sheet is opened 
2017-05-29 18:07:08,327 INFO  [Log] Browser is Lunched 
2017-05-29 18:07:09,484 INFO  [Log] Browser is Maximized 
2017-05-29 18:07:45,998 INFO  [Log] User name picked from Excel is:  alimuzzaman408@yahoo.com 
2017-05-29 18:07:45,998 INFO  [Log] Password picked from Excel is:  Zerin1994 
2017-06-03 18:53:58,717 INFO  [Log] ************************************************************** 
2017-06-03 18:53:58,718 INFO  [Log] $$$$$$$$$$$$$$$$$$$$$         Ebay_01$$$$$$$$$$$$$$$$$$$$$$$$ 
2017-06-03 18:53:58,718 INFO  [Log] **************************************************************** 
2017-06-03 18:53:59,297 INFO  [Log] Excel Sheet is opened 
2017-06-03 18:54:06,149 INFO  [Log] Browser is Lunched 
2017-06-03 18:54:07,329 INFO  [Log] Browser is Maximized 
2017-06-03 18:54:32,709 INFO  [Log] User name picked from Excel is:  alimuzzaman408@yahoo.com 
2017-06-03 18:54:32,709 INFO  [Log] Password picked from Excel is:  Zerin1994 
2017-06-03 20:03:18,532 INFO  [Log] ************************************************************** 
2017-06-03 20:03:18,532 INFO  [Log] $$$$$$$$$$$$$$$$$$$$$         Ebay_01$$$$$$$$$$$$$$$$$$$$$$$$ 
2017-06-03 20:03:18,532 INFO  [Log] **************************************************************** 
2017-06-03 20:03:18,532 WARN  [Log] Excel File is not exist 
2017-06-03 20:03:30,171 INFO  [Log] ************************************************************** 
2017-06-03 20:03:30,171 INFO  [Log] $$$$$$$$$$$$$$$$$$$$$         Ebay_01$$$$$$$$$$$$$$$$$$$$$$$$ 
2017-06-03 20:03:30,171 INFO  [Log] **************************************************************** 
2017-06-03 20:03:30,171 WARN  [Log] Excel File is not exist 
2017-06-03 20:04:11,119 INFO  [Log] ************************************************************** 
2017-06-03 20:04:11,119 INFO  [Log] $$$$$$$$$$$$$$$$$$$$$         Ebay_01$$$$$$$$$$$$$$$$$$$$$$$$ 
2017-06-03 20:04:11,119 INFO  [Log] **************************************************************** 
2017-06-03 20:04:11,704 INFO  [Log] Excel Sheet is opened 
2017-06-03 20:04:22,036 INFO  [Log] Browser is Lunched 
2017-06-03 20:04:23,272 INFO  [Log] Browser is Maximized 
2017-06-03 20:04:52,558 INFO  [Log] User name picked from Excel is:  alimuzzaman408@yahoo.com 
2017-06-03 20:04:52,558 INFO  [Log] Password picked from Excel is:  Zerin1994 
2017-06-05 18:47:20,130 INFO  [Log] ************************************************************** 
2017-06-05 18:47:20,130 INFO  [Log] $$$$$$$$$$$$$$$$$$$$$         Ebay_01$$$$$$$$$$$$$$$$$$$$$$$$ 
2017-06-05 18:47:20,130 INFO  [Log] **************************************************************** 
2017-06-05 18:47:30,760 INFO  [Log] Browser is Lunched 
2017-06-05 18:47:31,952 INFO  [Log] Browser is Maximized 
2017-06-05 18:47:56,343 WARN  [Log] Cell Value is empty 
2017-06-05 18:47:58,014 INFO  [Log] Test excution result is written into database table 
2017-06-05 18:47:58,014 INFO  [Log] ************************************************************** 
2017-06-05 18:47:58,014 INFO  [Log] $$$$$$$$$$$$$$$$$$$$$         E---N---D$$$$$$$$$$$$$$$$$$$$$$$$ 
2017-06-05 18:47:58,014 INFO  [Log] $$$$$$$$$$$$$$$$$$$$$         Ebay_01$$$$$$$$$$$$$$$$$$$$$$$$ 
2017-06-05 18:47:58,014 INFO  [Log] **************************************************************** 
2017-06-05 18:56:41,672 INFO  [Log] ************************************************************** 
2017-06-05 18:56:41,672 INFO  [Log] $$$$$$$$$$$$$$$$$$$$$         Ebay_01$$$$$$$$$$$$$$$$$$$$$$$$ 
2017-06-05 18:56:41,672 INFO  [Log] **************************************************************** 
2017-06-05 18:56:48,144 INFO  [Log] Browser is Lunched 
2017-06-05 18:56:49,331 INFO  [Log] Browser is Maximized 
2017-06-05 18:57:19,709 WARN  [Log] Cell Value is empty 
2017-06-05 18:57:21,294 INFO  [Log] Test excution result is written into database table 
2017-06-05 18:57:21,294 INFO  [Log] ************************************************************** 
2017-06-05 18:57:21,294 INFO  [Log] $$$$$$$$$$$$$$$$$$$$$         E---N---D$$$$$$$$$$$$$$$$$$$$$$$$ 
2017-06-05 18:57:21,294 INFO  [Log] $$$$$$$$$$$$$$$$$$$$$         Ebay_01$$$$$$$$$$$$$$$$$$$$$$$$ 
2017-06-05 18:57:21,294 INFO  [Log] **************************************************************** 
2017-06-05 23:51:15,515 INFO  [Log] ************************************************************** 
2017-06-05 23:51:15,515 INFO  [Log] $$$$$$$$$$$$$$$$$$$$$         Ebay_01$$$$$$$$$$$$$$$$$$$$$$$$ 
2017-06-05 23:51:15,515 INFO  [Log] **************************************************************** 
2017-06-05 23:51:23,636 INFO  [Log] Browser is Lunched 
2017-06-05 23:51:24,797 INFO  [Log] Browser is Maximized 
2017-06-05 23:52:00,910 INFO  [Log] User name picked from SQL is:  alimuzzaman408@yahoo.com 
2017-06-05 23:52:00,918 INFO  [Log] Password picked from SQL is:  Zerin1994 
2017-06-05 23:52:16,580 INFO  [Log] Test excution result is written into database table 
2017-06-05 23:52:16,581 INFO  [Log] ************************************************************** 
2017-06-05 23:52:16,581 INFO  [Log] $$$$$$$$$$$$$$$$$$$$$         E---N---D$$$$$$$$$$$$$$$$$$$$$$$$ 
2017-06-05 23:52:16,581 INFO  [Log] $$$$$$$$$$$$$$$$$$$$$         Ebay_01$$$$$$$$$$$$$$$$$$$$$$$$ 
2017-06-05 23:52:16,581 INFO  [Log] **************************************************************** 
2017-06-05 23:58:56,308 INFO  [Log] ************************************************************** 
2017-06-05 23:58:56,308 INFO  [Log] $$$$$$$$$$$$$$$$$$$$$         Ebay_01$$$$$$$$$$$$$$$$$$$$$$$$ 
2017-06-05 23:58:56,308 INFO  [Log] **************************************************************** 
2017-06-05 23:59:05,722 INFO  [Log] Browser is Lunched 
2017-06-05 23:59:06,923 INFO  [Log] Browser is Maximized 
2017-06-05 23:59:32,426 INFO  [Log] User name picked from SQL is:  alimuzzaman408@yahoo.com 
2017-06-05 23:59:32,436 INFO  [Log] Password picked from SQL is:  Zerin1994 
2017-06-05 23:59:41,950 INFO  [Log] Test excution result is written into database table 
2017-06-05 23:59:41,950 INFO  [Log] ************************************************************** 
2017-06-05 23:59:41,950 INFO  [Log] $$$$$$$$$$$$$$$$$$$$$         E---N---D$$$$$$$$$$$$$$$$$$$$$$$$ 
2017-06-05 23:59:41,950 INFO  [Log] $$$$$$$$$$$$$$$$$$$$$         Ebay_01$$$$$$$$$$$$$$$$$$$$$$$$ 
2017-06-05 23:59:41,950 INFO  [Log] **************************************************************** 
2017-06-06 00:04:43,576 INFO  [Log] ************************************************************** 
2017-06-06 00:04:43,576 INFO  [Log] $$$$$$$$$$$$$$$$$$$$$         Ebay_01$$$$$$$$$$$$$$$$$$$$$$$$ 
2017-06-06 00:04:43,576 INFO  [Log] **************************************************************** 
2017-06-06 00:04:51,000 INFO  [Log] Browser is Lunched 
2017-06-06 00:04:52,187 INFO  [Log] Browser is Maximized 
2017-06-06 00:05:15,607 INFO  [Log] User name picked from SQL is:  alimuzzaman408@yahoo.com 
2017-06-06 00:05:15,618 INFO  [Log] Password picked from SQL is:  Zerin1994 
2017-06-06 00:05:25,609 INFO  [Log] Test excution result is written into database table 
2017-06-06 00:05:25,609 INFO  [Log] ************************************************************** 
2017-06-06 00:05:25,609 INFO  [Log] $$$$$$$$$$$$$$$$$$$$$         E---N---D$$$$$$$$$$$$$$$$$$$$$$$$ 
2017-06-06 00:05:25,609 INFO  [Log] $$$$$$$$$$$$$$$$$$$$$         Ebay_01$$$$$$$$$$$$$$$$$$$$$$$$ 
2017-06-06 00:05:25,609 INFO  [Log] **************************************************************** 
2017-06-06 00:08:29,193 INFO  [Log] ************************************************************** 
2017-06-06 00:08:29,193 INFO  [Log] $$$$$$$$$$$$$$$$$$$$$         Ebay_01$$$$$$$$$$$$$$$$$$$$$$$$ 
2017-06-06 00:08:29,193 INFO  [Log] **************************************************************** 
2017-06-06 00:08:35,498 INFO  [Log] Browser is Lunched 
2017-06-06 00:08:36,664 INFO  [Log] Browser is Maximized 
2017-06-06 00:09:03,093 INFO  [Log] User name picked from SQL is:  alimuzzaman408@yahoo.com 
2017-06-06 00:09:03,101 INFO  [Log] Password picked from SQL is:  Zerin1994 
2017-06-06 00:09:17,775 INFO  [Log] Test excution result is written into database table 
2017-06-06 00:09:17,775 INFO  [Log] ************************************************************** 
2017-06-06 00:09:17,775 INFO  [Log] $$$$$$$$$$$$$$$$$$$$$         E---N---D$$$$$$$$$$$$$$$$$$$$$$$$ 
2017-06-06 00:09:17,776 INFO  [Log] $$$$$$$$$$$$$$$$$$$$$         Ebay_01$$$$$$$$$$$$$$$$$$$$$$$$ 
2017-06-06 00:09:17,776 INFO  [Log] **************************************************************** 
2017-06-06 00:16:02,577 INFO  [Log] ************************************************************** 
2017-06-06 00:16:02,577 INFO  [Log] $$$$$$$$$$$$$$$$$$$$$         Ebay_01$$$$$$$$$$$$$$$$$$$$$$$$ 
2017-06-06 00:16:02,577 INFO  [Log] **************************************************************** 
2017-06-06 00:16:11,585 INFO  [Log] Browser is Lunched 
2017-06-06 00:16:12,752 INFO  [Log] Browser is Maximized 
2017-06-06 00:16:39,198 INFO  [Log] User name picked from SQL is:  alimuzzaman408@yahoo.com 
2017-06-06 00:16:39,207 INFO  [Log] Password picked from SQL is:  Zerin1994 
2017-06-06 00:16:39,881 INFO  [Log] UserName is entered 
2017-06-06 00:16:39,990 INFO  [Log] Password id entered 
2017-06-06 00:16:50,015 INFO  [Log] Login Successfully 
2017-06-06 00:16:51,417 INFO  [Log] Test excution result is written into database table 
2017-06-06 00:16:51,417 INFO  [Log] ************************************************************** 
2017-06-06 00:16:51,417 INFO  [Log] $$$$$$$$$$$$$$$$$$$$$         E---N---D$$$$$$$$$$$$$$$$$$$$$$$$ 
2017-06-06 00:16:51,417 INFO  [Log] $$$$$$$$$$$$$$$$$$$$$         Ebay_01$$$$$$$$$$$$$$$$$$$$$$$$ 
2017-06-06 00:16:51,417 INFO  [Log] **************************************************************** 
2017-06-06 00:19:15,927 INFO  [Log] ************************************************************** 
2017-06-06 00:19:15,928 INFO  [Log] $$$$$$$$$$$$$$$$$$$$$         Ebay_01$$$$$$$$$$$$$$$$$$$$$$$$ 
2017-06-06 00:19:15,928 INFO  [Log] **************************************************************** 
2017-06-06 00:19:26,128 INFO  [Log] Browser is Lunched 
2017-06-06 00:19:27,337 INFO  [Log] Browser is Maximized 
2017-06-06 00:19:53,907 INFO  [Log] User name picked from SQL is:  alimuzzaman408@yahoo.com 
2017-06-06 00:19:53,915 INFO  [Log] Password picked from SQL is:  Zerin1994 
2017-06-06 00:19:54,551 INFO  [Log] UserName is entered 
2017-06-06 00:19:54,669 INFO  [Log] Password id entered 
2017-06-06 00:20:03,894 INFO  [Log] Login Successfully 
2017-06-06 00:20:05,420 INFO  [Log] Test excution result is written into database table 
2017-06-06 00:20:05,420 INFO  [Log] ************************************************************** 
2017-06-06 00:20:05,420 INFO  [Log] $$$$$$$$$$$$$$$$$$$$$         E---N---D$$$$$$$$$$$$$$$$$$$$$$$$ 
2017-06-06 00:20:05,420 INFO  [Log] $$$$$$$$$$$$$$$$$$$$$         Ebay_01$$$$$$$$$$$$$$$$$$$$$$$$ 
2017-06-06 00:20:05,420 INFO  [Log] **************************************************************** 
2017-06-06 00:20:45,920 INFO  [Log] ************************************************************** 
2017-06-06 00:20:45,922 INFO  [Log] $$$$$$$$$$$$$$$$$$$$$         Ebay_01$$$$$$$$$$$$$$$$$$$$$$$$ 
2017-06-06 00:20:45,922 INFO  [Log] **************************************************************** 
2017-06-06 00:20:54,967 INFO  [Log] Browser is Lunched 
2017-06-06 00:20:56,136 INFO  [Log] Browser is Maximized 
2017-06-06 00:21:21,911 INFO  [Log] User name picked from SQL is:  alimuzzaman408@yahoo.com 
2017-06-06 00:21:21,920 INFO  [Log] Password picked from SQL is:  Zerin1994 
2017-06-06 00:21:22,571 INFO  [Log] UserName is entered 
2017-06-06 00:21:22,709 INFO  [Log] Password id entered 
2017-06-06 00:21:31,954 INFO  [Log] Login Successfully 
2017-06-06 00:21:33,227 INFO  [Log] Test excution result is written into database table 
2017-06-06 00:21:33,227 INFO  [Log] ************************************************************** 
2017-06-06 00:21:33,227 INFO  [Log] $$$$$$$$$$$$$$$$$$$$$         E---N---D$$$$$$$$$$$$$$$$$$$$$$$$ 
2017-06-06 00:21:33,227 INFO  [Log] $$$$$$$$$$$$$$$$$$$$$         Ebay_01$$$$$$$$$$$$$$$$$$$$$$$$ 
2017-06-06 00:21:33,227 INFO  [Log] **************************************************************** 
2017-06-06 00:33:07,005 INFO  [Log] ************************************************************** 
2017-06-06 00:33:07,006 INFO  [Log] $$$$$$$$$$$$$$$$$$$$$         Ebay_01$$$$$$$$$$$$$$$$$$$$$$$$ 
2017-06-06 00:33:07,006 INFO  [Log] **************************************************************** 
2017-06-06 00:33:16,450 INFO  [Log] Browser is Lunched 
2017-06-06 00:33:17,636 INFO  [Log] Browser is Maximized 
2017-06-06 00:33:44,878 INFO  [Log] User name picked from SQL is:  alimuzzaman408@yahoo.com 
2017-06-06 00:33:44,886 INFO  [Log] Password picked from SQL is:  Zerin1994 
2017-06-06 00:33:45,494 INFO  [Log] UserName is entered 
2017-06-06 00:33:45,614 INFO  [Log] Password id entered 
2017-06-06 00:34:00,722 INFO  [Log] Login Successfully 
2017-06-06 00:34:02,011 INFO  [Log] Test excution result is written into database table 
2017-06-06 00:34:02,012 INFO  [Log] ************************************************************** 
2017-06-06 00:34:02,012 INFO  [Log] $$$$$$$$$$$$$$$$$$$$$         E---N---D$$$$$$$$$$$$$$$$$$$$$$$$ 
2017-06-06 00:34:02,012 INFO  [Log] $$$$$$$$$$$$$$$$$$$$$         Ebay_01$$$$$$$$$$$$$$$$$$$$$$$$ 
2017-06-06 00:34:02,012 INFO  [Log] **************************************************************** 
